2022-10-28 18:01:46 | log_file: ./logs/classification.log
2022-10-28 18:01:46 | datadir: ../datasets
2022-10-28 18:01:46 | dataname: CWRU
2022-10-28 18:01:46 | load: 3
2022-10-28 18:01:46 | label_set: [0, 1, 2, 3, 4, 5, 6, 7, 8, 9]
2022-10-28 18:01:46 | val_rat: 0.3
2022-10-28 18:01:46 | test_rat: 0.5
2022-10-28 18:01:46 | seed: 29
2022-10-28 18:01:46 | fft: False
2022-10-28 18:01:46 | window: 128
2022-10-28 18:01:46 | normalization: 0-1
2022-10-28 18:01:46 | savemodel: True
2022-10-28 18:01:46 | pretrained: False
2022-10-28 18:01:46 | backbone: MLPNet
2022-10-28 18:01:46 | num_workers: 0
2022-10-28 18:01:46 | batch_size: 256
2022-10-28 18:01:46 | max_epoch: 100
2022-10-28 18:01:46 | lr: 0.001
2022-10-28 18:01:46 | lr_scheduler: stepLR
2022-10-28 18:01:46 | gamma: 0.8
2022-10-28 18:01:46 | steps: 30, 120
2022-10-28 18:01:46 | optimizer: adam
2022-10-28 18:01:46 | using 1 gpus
2022-10-28 18:01:46 | training data/label shape: torch.Size([26474, 1024]),torch.Size([26474])
2022-10-28 18:01:46 | validation data/label shape: torch.Size([5673, 1024]),torch.Size([5673])
2022-10-28 18:01:46 | test data/label shape: torch.Size([5673, 1024]),torch.Size([5673])
2022-10-28 18:01:48 | Epoch:   1/100, loss: 0.3361, train_acc:  93.40%, val_acc:  49.34%
2022-10-28 18:01:48 | Epoch:   2/100, loss: 0.2371, train_acc:  91.51%, val_acc:  62.98%
2022-10-28 18:01:48 | Epoch:   3/100, loss: 0.1712, train_acc:  94.34%, val_acc:  72.33%
2022-10-28 18:01:49 | Epoch:   4/100, loss: 0.1801, train_acc:  93.40%, val_acc:  75.15%
2022-10-28 18:01:49 | Epoch:   5/100, loss: 0.0499, train_acc:  99.06%, val_acc:  86.57%
2022-10-28 18:01:50 | Epoch:   6/100, loss: 0.0934, train_acc:  97.17%, val_acc:  82.43%
2022-10-28 18:01:50 | Epoch:   7/100, loss: 0.0478, train_acc:  97.17%, val_acc:  90.02%
2022-10-28 18:01:50 | Epoch:   8/100, loss: 0.0839, train_acc:  96.23%, val_acc:  80.45%
2022-10-28 18:01:51 | Epoch:   9/100, loss: 0.0213, train_acc:  99.06%, val_acc:  83.87%
2022-10-28 18:01:51 | Epoch:  10/100, loss: 0.0148, train_acc: 100.00%, val_acc:  92.81%
2022-10-28 18:01:51 | Epoch:  11/100, loss: 0.0341, train_acc:  99.06%, val_acc:  86.04%
2022-10-28 18:01:52 | Epoch:  12/100, loss: 0.0307, train_acc:  98.11%, val_acc:  92.31%
2022-10-28 18:01:52 | Epoch:  13/100, loss: 0.0383, train_acc:  98.11%, val_acc:  91.26%
2022-10-28 18:01:52 | Epoch:  14/100, loss: 0.0097, train_acc: 100.00%, val_acc:  83.85%
2022-10-28 18:01:53 | Epoch:  15/100, loss: 0.0066, train_acc: 100.00%, val_acc:  93.37%
2022-10-28 18:01:53 | Epoch:  16/100, loss: 0.0104, train_acc: 100.00%, val_acc:  95.73%
2022-10-28 18:01:54 | Epoch:  17/100, loss: 0.0130, train_acc: 100.00%, val_acc:  83.69%
2022-10-28 18:01:54 | Epoch:  18/100, loss: 0.0110, train_acc: 100.00%, val_acc:  93.41%
2022-10-28 18:01:54 | Epoch:  19/100, loss: 0.0118, train_acc: 100.00%, val_acc:  93.02%
2022-10-28 18:01:55 | Epoch:  20/100, loss: 0.0032, train_acc: 100.00%, val_acc:  93.83%
2022-10-28 18:01:55 | Epoch:  21/100, loss: 0.0227, train_acc:  99.06%, val_acc:  90.02%
2022-10-28 18:01:56 | Epoch:  22/100, loss: 0.0363, train_acc:  98.11%, val_acc:  91.50%
2022-10-28 18:01:56 | Epoch:  23/100, loss: 0.0284, train_acc:  98.11%, val_acc:  92.72%
2022-10-28 18:01:56 | Epoch:  24/100, loss: 0.0038, train_acc: 100.00%, val_acc:  94.78%
2022-10-28 18:01:57 | Epoch:  25/100, loss: 0.0119, train_acc: 100.00%, val_acc:  94.92%
2022-10-28 18:01:57 | Epoch:  26/100, loss: 0.0044, train_acc: 100.00%, val_acc:  95.89%
2022-10-28 18:01:58 | Epoch:  27/100, loss: 0.0090, train_acc: 100.00%, val_acc:  91.24%
2022-10-28 18:01:58 | Epoch:  28/100, loss: 0.0048, train_acc: 100.00%, val_acc:  95.26%
2022-10-28 18:01:58 | Epoch:  29/100, loss: 0.0120, train_acc: 100.00%, val_acc:  90.96%
2022-10-28 18:01:59 | Epoch:  30/100, loss: 0.0093, train_acc:  99.06%, val_acc:  95.45%
2022-10-28 18:01:59 | Epoch:  31/100, loss: 0.0850, train_acc:  98.11%, val_acc:  83.78%
2022-10-28 18:01:59 | Epoch:  32/100, loss: 0.0089, train_acc: 100.00%, val_acc:  92.93%
2022-10-28 18:02:00 | Epoch:  33/100, loss: 0.0026, train_acc: 100.00%, val_acc:  79.25%
2022-10-28 18:02:00 | Epoch:  34/100, loss: 0.0048, train_acc: 100.00%, val_acc:  95.88%
2022-10-28 18:02:01 | Epoch:  35/100, loss: 0.0035, train_acc: 100.00%, val_acc:  96.30%
2022-10-28 18:02:01 | Epoch:  36/100, loss: 0.0574, train_acc:  98.11%, val_acc:  95.86%
2022-10-28 18:02:01 | Epoch:  37/100, loss: 0.0278, train_acc:  99.06%, val_acc:  96.35%
2022-10-28 18:02:02 | Epoch:  38/100, loss: 0.0034, train_acc: 100.00%, val_acc:  95.35%
2022-10-28 18:02:02 | Epoch:  39/100, loss: 0.0040, train_acc: 100.00%, val_acc:  95.06%
2022-10-28 18:02:02 | Epoch:  40/100, loss: 0.0166, train_acc:  99.06%, val_acc:  95.72%
2022-10-28 18:02:03 | Epoch:  41/100, loss: 0.0222, train_acc:  98.11%, val_acc:  94.64%
2022-10-28 18:02:03 | Epoch:  42/100, loss: 0.0044, train_acc: 100.00%, val_acc:  96.21%
2022-10-28 18:02:04 | Epoch:  43/100, loss: 0.0006, train_acc: 100.00%, val_acc:  96.56%
2022-10-28 18:02:04 | Epoch:  44/100, loss: 0.0030, train_acc: 100.00%, val_acc:  96.39%
2022-10-28 18:02:04 | Epoch:  45/100, loss: 0.0010, train_acc: 100.00%, val_acc:  95.80%
2022-10-28 18:02:05 | Epoch:  46/100, loss: 0.0022, train_acc: 100.00%, val_acc:  89.51%
2022-10-28 18:02:05 | Epoch:  47/100, loss: 0.0211, train_acc:  98.11%, val_acc:  94.20%
2022-10-28 18:02:05 | Epoch:  48/100, loss: 0.0029, train_acc: 100.00%, val_acc:  92.93%
2022-10-28 18:02:06 | Epoch:  49/100, loss: 0.0008, train_acc: 100.00%, val_acc:  94.68%
2022-10-28 18:02:06 | Epoch:  50/100, loss: 0.0420, train_acc:  99.06%, val_acc:  86.07%
2022-10-28 18:02:06 | Epoch:  51/100, loss: 0.0128, train_acc:  99.06%, val_acc:  95.73%
2022-10-28 18:02:07 | Epoch:  52/100, loss: 0.0008, train_acc: 100.00%, val_acc:  93.32%
2022-10-28 18:02:07 | Epoch:  53/100, loss: 0.0127, train_acc:  99.06%, val_acc:  83.11%
2022-10-28 18:02:08 | Epoch:  54/100, loss: 0.0013, train_acc: 100.00%, val_acc:  95.93%
2022-10-28 18:02:08 | Epoch:  55/100, loss: 0.0010, train_acc: 100.00%, val_acc:  97.13%
2022-10-28 18:02:08 | Epoch:  56/100, loss: 0.0027, train_acc: 100.00%, val_acc:  96.23%
2022-10-28 18:02:09 | Epoch:  57/100, loss: 0.0240, train_acc:  98.11%, val_acc:  94.99%
2022-10-28 18:02:09 | Epoch:  58/100, loss: 0.0068, train_acc: 100.00%, val_acc:  90.69%
2022-10-28 18:02:09 | Epoch:  59/100, loss: 0.0076, train_acc:  99.06%, val_acc:  95.61%
2022-10-28 18:02:10 | Epoch:  60/100, loss: 0.0092, train_acc: 100.00%, val_acc:  92.60%
2022-10-28 18:02:10 | Epoch:  61/100, loss: 0.0008, train_acc: 100.00%, val_acc:  96.93%
2022-10-28 18:02:10 | Epoch:  62/100, loss: 0.0004, train_acc: 100.00%, val_acc:  96.95%
2022-10-28 18:02:11 | Epoch:  63/100, loss: 0.0064, train_acc: 100.00%, val_acc:  95.75%
2022-10-28 18:02:11 | Epoch:  64/100, loss: 0.0028, train_acc: 100.00%, val_acc:  95.77%
2022-10-28 18:02:11 | Epoch:  65/100, loss: 0.0081, train_acc: 100.00%, val_acc:  95.17%
2022-10-28 18:02:12 | Epoch:  66/100, loss: 0.0003, train_acc: 100.00%, val_acc:  96.44%
2022-10-28 18:02:12 | Epoch:  67/100, loss: 0.0011, train_acc: 100.00%, val_acc:  96.30%
2022-10-28 18:02:13 | Epoch:  68/100, loss: 0.0017, train_acc: 100.00%, val_acc:  95.65%
2022-10-28 18:02:13 | Epoch:  69/100, loss: 0.0092, train_acc:  99.06%, val_acc:  92.86%
2022-10-28 18:02:14 | Epoch:  70/100, loss: 0.0015, train_acc: 100.00%, val_acc:  91.54%
2022-10-28 18:02:14 | Epoch:  71/100, loss: 0.0038, train_acc: 100.00%, val_acc:  96.14%
2022-10-28 18:02:14 | Epoch:  72/100, loss: 0.0312, train_acc:  98.11%, val_acc:  95.98%
2022-10-28 18:02:15 | Epoch:  73/100, loss: 0.0021, train_acc: 100.00%, val_acc:  95.40%
2022-10-28 18:02:15 | Epoch:  74/100, loss: 0.0028, train_acc: 100.00%, val_acc:  89.02%
2022-10-28 18:02:16 | Epoch:  75/100, loss: 0.0025, train_acc: 100.00%, val_acc:  96.67%
2022-10-28 18:02:16 | Epoch:  76/100, loss: 0.0003, train_acc: 100.00%, val_acc:  97.00%
2022-10-28 18:02:16 | Epoch:  77/100, loss: 0.0146, train_acc:  99.06%, val_acc:  96.39%
2022-10-28 18:02:17 | Epoch:  78/100, loss: 0.0388, train_acc:  99.06%, val_acc:  95.70%
2022-10-28 18:02:17 | Epoch:  79/100, loss: 0.0002, train_acc: 100.00%, val_acc:  94.87%
2022-10-28 18:02:17 | Epoch:  80/100, loss: 0.0022, train_acc: 100.00%, val_acc:  95.88%
2022-10-28 18:02:18 | Epoch:  81/100, loss: 0.0475, train_acc:  99.06%, val_acc:  96.17%
2022-10-28 18:02:18 | Epoch:  82/100, loss: 0.0112, train_acc:  99.06%, val_acc:  96.84%
2022-10-28 18:02:19 | Epoch:  83/100, loss: 0.0310, train_acc:  99.06%, val_acc:  96.84%
2022-10-28 18:02:19 | Epoch:  84/100, loss: 0.0381, train_acc:  99.06%, val_acc:  96.72%
2022-10-28 18:02:19 | Epoch:  85/100, loss: 0.0002, train_acc: 100.00%, val_acc:  96.72%
2022-10-28 18:02:20 | Epoch:  86/100, loss: 0.0007, train_acc: 100.00%, val_acc:  96.97%
2022-10-28 18:02:20 | Epoch:  87/100, loss: 0.0004, train_acc: 100.00%, val_acc:  97.37%
2022-10-28 18:02:20 | Epoch:  88/100, loss: 0.0003, train_acc: 100.00%, val_acc:  96.23%
2022-10-28 18:02:21 | Epoch:  89/100, loss: 0.0051, train_acc: 100.00%, val_acc:  96.16%
2022-10-28 18:02:21 | Epoch:  90/100, loss: 0.0065, train_acc: 100.00%, val_acc:  96.28%
2022-10-28 18:02:22 | Epoch:  91/100, loss: 0.0007, train_acc: 100.00%, val_acc:  95.98%
2022-10-28 18:02:22 | Epoch:  92/100, loss: 0.0003, train_acc: 100.00%, val_acc:  97.06%
2022-10-28 18:02:22 | Epoch:  93/100, loss: 0.0047, train_acc: 100.00%, val_acc:  97.00%
2022-10-28 18:02:23 | Epoch:  94/100, loss: 0.0018, train_acc: 100.00%, val_acc:  96.86%
2022-10-28 18:02:23 | Epoch:  95/100, loss: 0.0007, train_acc: 100.00%, val_acc:  97.20%
2022-10-28 18:02:23 | Epoch:  96/100, loss: 0.0002, train_acc: 100.00%, val_acc:  96.05%
2022-10-28 18:02:24 | Epoch:  97/100, loss: 0.0001, train_acc: 100.00%, val_acc:  97.14%
2022-10-28 18:02:24 | Epoch:  98/100, loss: 0.0047, train_acc: 100.00%, val_acc:  94.52%
2022-10-28 18:02:25 | Epoch:  99/100, loss: 0.0047, train_acc: 100.00%, val_acc:  95.01%
2022-10-28 18:02:25 | Epoch: 100/100, loss: 0.0020, train_acc: 100.00%, val_acc:  95.36%
2022-10-28 18:02:25 | Best accuracy: 97.3735
2022-10-28 18:02:25 | ===============Done!===============
2022-10-28 18:02:26 | log_file: ./logs/classification.log
2022-10-28 18:02:26 | datadir: ../datasets
2022-10-28 18:02:26 | dataname: CWRU
2022-10-28 18:02:26 | load: 3
2022-10-28 18:02:26 | label_set: [0, 1, 2, 3, 4, 5, 6, 7, 8, 9]
2022-10-28 18:02:26 | val_rat: 0.3
2022-10-28 18:02:26 | test_rat: 0.5
2022-10-28 18:02:26 | seed: 29
2022-10-28 18:02:26 | fft: False
2022-10-28 18:02:26 | window: 128
2022-10-28 18:02:26 | normalization: 0-1
2022-10-28 18:02:26 | savemodel: True
2022-10-28 18:02:26 | pretrained: False
2022-10-28 18:02:26 | backbone: CNN1D
2022-10-28 18:02:26 | num_workers: 0
2022-10-28 18:02:26 | batch_size: 256
2022-10-28 18:02:26 | max_epoch: 80
2022-10-28 18:02:26 | lr: 0.001
2022-10-28 18:02:26 | lr_scheduler: stepLR
2022-10-28 18:02:26 | gamma: 0.8
2022-10-28 18:02:26 | steps: 30, 120
2022-10-28 18:02:26 | optimizer: adam
2022-10-28 18:02:26 | using 1 gpus
2022-10-28 18:02:27 | training data/label shape: torch.Size([26474, 1, 1024]),torch.Size([26474])
2022-10-28 18:02:27 | validation data/label shape: torch.Size([5673, 1, 1024]),torch.Size([5673])
2022-10-28 18:02:27 | test data/label shape: torch.Size([5673, 1, 1024]),torch.Size([5673])
2022-10-28 18:02:29 | Epoch:   1/80, loss: 0.9735, train_acc:  75.47%, val_acc:  69.70%
2022-10-28 18:02:30 | Epoch:   2/80, loss: 0.6407, train_acc:  81.13%, val_acc:  83.01%
2022-10-28 18:02:31 | Epoch:   3/80, loss: 0.4667, train_acc:  84.91%, val_acc:  67.18%
2022-10-28 18:02:32 | Epoch:   4/80, loss: 0.4017, train_acc:  88.68%, val_acc:  56.74%
2022-10-28 18:02:33 | Epoch:   5/80, loss: 0.3581, train_acc:  88.68%, val_acc:  86.16%
2022-10-28 18:02:34 | Epoch:   6/80, loss: 0.3251, train_acc:  89.62%, val_acc:  68.64%
2022-10-28 18:02:34 | Epoch:   7/80, loss: 0.3516, train_acc:  88.68%, val_acc:  83.06%
2022-10-28 18:02:35 | Epoch:   8/80, loss: 0.3018, train_acc:  89.62%, val_acc:  22.47%
2022-10-28 18:02:36 | Epoch:   9/80, loss: 0.2800, train_acc:  90.57%, val_acc:  83.98%
2022-10-28 18:02:37 | Epoch:  10/80, loss: 0.2133, train_acc:  90.57%, val_acc:  38.04%
2022-10-28 18:02:38 | Epoch:  11/80, loss: 0.2563, train_acc:  89.62%, val_acc:  68.83%
2022-10-28 18:02:39 | Epoch:  12/80, loss: 0.2411, train_acc:  92.45%, val_acc:  24.27%
2022-10-28 18:02:40 | Epoch:  13/80, loss: 0.2891, train_acc:  90.57%, val_acc:  79.62%
2022-10-28 18:02:41 | Epoch:  14/80, loss: 0.1848, train_acc:  93.40%, val_acc:  80.42%
2022-10-28 18:02:42 | Epoch:  15/80, loss: 0.1868, train_acc:  94.34%, val_acc:  27.87%
2022-10-28 18:02:42 | Epoch:  16/80, loss: 0.1049, train_acc: 100.00%, val_acc:  68.31%
2022-10-28 18:02:43 | Epoch:  17/80, loss: 0.1598, train_acc:  97.17%, val_acc:  37.42%
2022-10-28 18:02:44 | Epoch:  18/80, loss: 0.2058, train_acc:  91.51%, val_acc:  44.23%
2022-10-28 18:02:45 | Epoch:  19/80, loss: 0.2385, train_acc:  89.62%, val_acc:  47.58%
2022-10-28 18:02:46 | Epoch:  20/80, loss: 0.1214, train_acc:  95.28%, val_acc:  67.62%
2022-10-28 18:02:47 | Epoch:  21/80, loss: 0.0907, train_acc:  98.11%, val_acc:  82.44%
2022-10-28 18:02:48 | Epoch:  22/80, loss: 0.1654, train_acc:  93.40%, val_acc:  25.12%
2022-10-28 18:02:49 | Epoch:  23/80, loss: 0.1903, train_acc:  93.40%, val_acc:  35.94%
2022-10-28 18:02:50 | Epoch:  24/80, loss: 0.1637, train_acc:  93.40%, val_acc:  23.22%
2022-10-28 18:02:50 | Epoch:  25/80, loss: 0.1486, train_acc:  95.28%, val_acc:  55.93%
2022-10-28 18:02:51 | Epoch:  26/80, loss: 0.1113, train_acc:  95.28%, val_acc:  70.81%
2022-10-28 18:02:52 | Epoch:  27/80, loss: 0.1796, train_acc:  95.28%, val_acc:  43.17%
2022-10-28 18:02:53 | Epoch:  28/80, loss: 0.0946, train_acc:  97.17%, val_acc:  61.78%
2022-10-28 18:02:54 | Epoch:  29/80, loss: 0.1676, train_acc:  97.17%, val_acc:  66.75%
2022-10-28 18:02:55 | Epoch:  30/80, loss: 0.1128, train_acc:  96.23%, val_acc:  20.55%
2022-10-28 18:02:56 | Epoch:  31/80, loss: 0.1551, train_acc:  94.34%, val_acc:  54.43%
2022-10-28 18:02:57 | Epoch:  32/80, loss: 0.1235, train_acc:  97.17%, val_acc:  92.07%
2022-10-28 18:02:58 | Epoch:  33/80, loss: 0.1078, train_acc:  99.06%, val_acc:  43.91%
2022-10-28 18:02:59 | Epoch:  34/80, loss: 0.0788, train_acc:  98.11%, val_acc:  84.40%
2022-10-28 18:02:59 | Epoch:  35/80, loss: 0.1549, train_acc:  93.40%, val_acc:  28.40%
2022-10-28 18:03:00 | Epoch:  36/80, loss: 0.1471, train_acc:  93.40%, val_acc:  66.91%
2022-10-28 18:03:01 | Epoch:  37/80, loss: 0.1712, train_acc:  93.40%, val_acc:  43.75%
2022-10-28 18:03:02 | Epoch:  38/80, loss: 0.0814, train_acc:  96.23%, val_acc:  87.87%
2022-10-28 18:03:03 | Epoch:  39/80, loss: 0.1308, train_acc:  94.34%, val_acc:  21.05%
2022-10-28 18:03:04 | Epoch:  40/80, loss: 0.0702, train_acc:  97.17%, val_acc:  76.03%
2022-10-28 18:03:05 | Epoch:  41/80, loss: 0.0753, train_acc:  99.06%, val_acc:  73.14%
2022-10-28 18:03:06 | Epoch:  42/80, loss: 0.0916, train_acc:  95.28%, val_acc:  61.77%
2022-10-28 18:03:07 | Epoch:  43/80, loss: 0.1341, train_acc:  96.23%, val_acc:  69.87%
2022-10-28 18:03:08 | Epoch:  44/80, loss: 0.0536, train_acc:  99.06%, val_acc:  87.64%
2022-10-28 18:03:08 | Epoch:  45/80, loss: 0.0751, train_acc:  98.11%, val_acc:  84.28%
2022-10-28 18:03:09 | Epoch:  46/80, loss: 0.0545, train_acc:  99.06%, val_acc:  38.48%
2022-10-28 18:03:10 | Epoch:  47/80, loss: 0.0670, train_acc:  98.11%, val_acc:  78.48%
2022-10-28 18:03:11 | Epoch:  48/80, loss: 0.0394, train_acc: 100.00%, val_acc:  88.79%
2022-10-28 18:03:12 | Epoch:  49/80, loss: 0.0444, train_acc: 100.00%, val_acc:  34.58%
2022-10-28 18:03:13 | Epoch:  50/80, loss: 0.0826, train_acc:  98.11%, val_acc:  37.35%
2022-10-28 18:03:14 | Epoch:  51/80, loss: 0.0843, train_acc:  97.17%, val_acc:  61.70%
2022-10-28 18:03:15 | Epoch:  52/80, loss: 0.0464, train_acc:  99.06%, val_acc:  63.51%
2022-10-28 18:03:16 | Epoch:  53/80, loss: 0.1158, train_acc:  96.23%, val_acc:  86.90%
2022-10-28 18:03:17 | Epoch:  54/80, loss: 0.0763, train_acc:  99.06%, val_acc:  72.89%
2022-10-28 18:03:17 | Epoch:  55/80, loss: 0.0531, train_acc:  99.06%, val_acc:  55.14%
2022-10-28 18:03:18 | Epoch:  56/80, loss: 0.0702, train_acc:  98.11%, val_acc:  62.47%
2022-10-28 18:03:19 | Epoch:  57/80, loss: 0.0169, train_acc: 100.00%, val_acc:  81.69%
2022-10-28 18:03:20 | Epoch:  58/80, loss: 0.0520, train_acc:  98.11%, val_acc:  39.59%
2022-10-28 18:03:21 | Epoch:  59/80, loss: 0.0421, train_acc:  99.06%, val_acc:  83.98%
2022-10-28 18:03:22 | Epoch:  60/80, loss: 0.0574, train_acc:  98.11%, val_acc:  91.54%
2022-10-28 18:03:23 | Epoch:  61/80, loss: 0.0605, train_acc:  99.06%, val_acc:  50.47%
2022-10-28 18:03:24 | Epoch:  62/80, loss: 0.0603, train_acc:  98.11%, val_acc:  68.11%
2022-10-28 18:03:24 | Epoch:  63/80, loss: 0.0374, train_acc:  99.06%, val_acc:  58.84%
2022-10-28 18:03:25 | Epoch:  64/80, loss: 0.0543, train_acc:  99.06%, val_acc:  62.59%
2022-10-28 18:03:26 | Epoch:  65/80, loss: 0.0695, train_acc:  97.17%, val_acc:  91.59%
2022-10-28 18:03:27 | Epoch:  66/80, loss: 0.0891, train_acc:  97.17%, val_acc:  80.17%
2022-10-28 18:03:28 | Epoch:  67/80, loss: 0.0786, train_acc:  98.11%, val_acc:  71.21%
2022-10-28 18:03:29 | Epoch:  68/80, loss: 0.0338, train_acc: 100.00%, val_acc:  52.05%
2022-10-28 18:03:30 | Epoch:  69/80, loss: 0.0307, train_acc:  99.06%, val_acc:  77.15%
2022-10-28 18:03:31 | Epoch:  70/80, loss: 0.0488, train_acc:  98.11%, val_acc:  77.79%
2022-10-28 18:03:32 | Epoch:  71/80, loss: 0.0913, train_acc:  96.23%, val_acc:  33.00%
2022-10-28 18:03:32 | Epoch:  72/80, loss: 0.0218, train_acc: 100.00%, val_acc:  96.03%
2022-10-28 18:03:33 | Epoch:  73/80, loss: 0.0490, train_acc:  99.06%, val_acc:  66.10%
2022-10-28 18:03:34 | Epoch:  74/80, loss: 0.0229, train_acc: 100.00%, val_acc:  78.78%
2022-10-28 18:03:35 | Epoch:  75/80, loss: 0.0170, train_acc: 100.00%, val_acc:  35.73%
2022-10-28 18:03:36 | Epoch:  76/80, loss: 0.0576, train_acc:  98.11%, val_acc:  67.09%
2022-10-28 18:03:37 | Epoch:  77/80, loss: 0.0985, train_acc:  98.11%, val_acc:  66.12%
2022-10-28 18:03:38 | Epoch:  78/80, loss: 0.0827, train_acc:  98.11%, val_acc:  78.51%
2022-10-28 18:03:39 | Epoch:  79/80, loss: 0.0360, train_acc: 100.00%, val_acc:  76.49%
2022-10-28 18:03:40 | Epoch:  80/80, loss: 0.0850, train_acc:  97.17%, val_acc:  67.34%
2022-10-28 18:03:40 | Best accuracy: 96.0338
2022-10-28 18:03:40 | ===============Done!===============
2022-10-28 18:03:41 | log_file: ./logs/classification.log
2022-10-28 18:03:41 | datadir: ../datasets
2022-10-28 18:03:41 | dataname: CWRU
2022-10-28 18:03:41 | load: 3
2022-10-28 18:03:41 | label_set: [0, 1, 2, 3, 4, 5, 6, 7, 8, 9]
2022-10-28 18:03:41 | val_rat: 0.3
2022-10-28 18:03:41 | test_rat: 0.5
2022-10-28 18:03:41 | seed: 29
2022-10-28 18:03:41 | fft: False
2022-10-28 18:03:41 | window: 128
2022-10-28 18:03:41 | normalization: 0-1
2022-10-28 18:03:41 | savemodel: True
2022-10-28 18:03:41 | pretrained: False
2022-10-28 18:03:41 | backbone: ResNet1D
2022-10-28 18:03:41 | num_workers: 0
2022-10-28 18:03:41 | batch_size: 256
2022-10-28 18:03:41 | max_epoch: 60
2022-10-28 18:03:41 | lr: 0.001
2022-10-28 18:03:41 | lr_scheduler: stepLR
2022-10-28 18:03:41 | gamma: 0.8
2022-10-28 18:03:41 | steps: 30, 120
2022-10-28 18:03:41 | optimizer: adam
2022-10-28 18:03:41 | using 1 gpus
2022-10-28 18:03:41 | training data/label shape: torch.Size([26474, 1, 1024]),torch.Size([26474])
2022-10-28 18:03:41 | validation data/label shape: torch.Size([5673, 1, 1024]),torch.Size([5673])
2022-10-28 18:03:41 | test data/label shape: torch.Size([5673, 1, 1024]),torch.Size([5673])
2022-10-28 18:03:48 | Epoch:   1/60, loss: 0.1729, train_acc:  96.23%, val_acc:  86.13%
2022-10-28 18:03:53 | Epoch:   2/60, loss: 0.0481, train_acc:  98.11%, val_acc:  83.92%
2022-10-28 18:03:58 | Epoch:   3/60, loss: 0.0115, train_acc: 100.00%, val_acc:  94.59%
2022-10-28 18:04:04 | Epoch:   4/60, loss: 0.0145, train_acc: 100.00%, val_acc:  92.98%
2022-10-28 18:04:09 | Epoch:   5/60, loss: 0.0038, train_acc: 100.00%, val_acc:  94.91%
2022-10-28 18:04:14 | Epoch:   6/60, loss: 0.0021, train_acc: 100.00%, val_acc:  99.28%
2022-10-28 18:04:19 | Epoch:   7/60, loss: 0.0015, train_acc: 100.00%, val_acc:  99.79%
2022-10-28 18:04:25 | Epoch:   8/60, loss: 0.0003, train_acc: 100.00%, val_acc:  99.75%
2022-10-28 18:04:30 | Epoch:   9/60, loss: 0.0001, train_acc: 100.00%, val_acc:  99.91%
2022-10-28 18:04:35 | Epoch:  10/60, loss: 0.0002, train_acc: 100.00%, val_acc:  99.96%
2022-10-28 18:04:41 | Epoch:  11/60, loss: 0.0001, train_acc: 100.00%, val_acc:  99.95%
2022-10-28 18:04:46 | Epoch:  12/60, loss: 0.0001, train_acc: 100.00%, val_acc:  99.96%
2022-10-28 18:04:51 | Epoch:  13/60, loss: 0.0000, train_acc: 100.00%, val_acc:  99.96%
2022-10-28 18:04:56 | Epoch:  14/60, loss: 0.0000, train_acc: 100.00%, val_acc:  99.96%
2022-10-28 18:05:02 | Epoch:  15/60, loss: 0.0000, train_acc: 100.00%, val_acc:  99.96%
2022-10-28 18:05:07 | Epoch:  16/60, loss: 0.0000, train_acc: 100.00%, val_acc:  99.95%
2022-10-28 18:05:12 | Epoch:  17/60, loss: 0.0000, train_acc: 100.00%, val_acc:  99.96%
2022-10-28 18:05:17 | Epoch:  18/60, loss: 0.0000, train_acc: 100.00%, val_acc:  99.96%
2022-10-28 18:05:23 | Epoch:  19/60, loss: 0.0001, train_acc: 100.00%, val_acc:  99.96%
2022-10-28 18:05:28 | Epoch:  20/60, loss: 0.0001, train_acc: 100.00%, val_acc:  99.96%
2022-10-28 18:05:33 | Epoch:  21/60, loss: 0.0000, train_acc: 100.00%, val_acc:  99.96%
2022-10-28 18:05:38 | Epoch:  22/60, loss: 0.0000, train_acc: 100.00%, val_acc:  99.96%
2022-10-28 18:05:43 | Epoch:  23/60, loss: 0.0000, train_acc: 100.00%, val_acc:  99.96%
2022-10-28 18:05:49 | Epoch:  24/60, loss: 0.0002, train_acc: 100.00%, val_acc:  99.96%
2022-10-28 18:05:54 | Epoch:  25/60, loss: 0.0000, train_acc: 100.00%, val_acc:  99.96%
2022-10-28 18:05:59 | Epoch:  26/60, loss: 0.0000, train_acc: 100.00%, val_acc:  99.96%
2022-10-28 18:06:04 | Epoch:  27/60, loss: 0.0000, train_acc: 100.00%, val_acc:  99.96%
2022-10-28 18:06:10 | Epoch:  28/60, loss: 0.0000, train_acc: 100.00%, val_acc:  99.96%
2022-10-28 18:06:15 | Epoch:  29/60, loss: 0.0000, train_acc: 100.00%, val_acc:  99.96%
2022-10-28 18:06:20 | Epoch:  30/60, loss: 0.0000, train_acc: 100.00%, val_acc:  99.96%
2022-10-28 18:06:25 | Epoch:  31/60, loss: 0.0000, train_acc: 100.00%, val_acc:  99.96%
2022-10-28 18:06:30 | Epoch:  32/60, loss: 0.0000, train_acc: 100.00%, val_acc:  99.96%
2022-10-28 18:06:36 | Epoch:  33/60, loss: 0.0000, train_acc: 100.00%, val_acc:  99.96%
2022-10-28 18:06:41 | Epoch:  34/60, loss: 0.0001, train_acc: 100.00%, val_acc:  99.96%
2022-10-28 18:06:46 | Epoch:  35/60, loss: 0.1584, train_acc:  94.34%, val_acc:  53.53%
2022-10-28 18:06:51 | Epoch:  36/60, loss: 0.0531, train_acc:  98.11%, val_acc:  94.50%
2022-10-28 18:06:57 | Epoch:  37/60, loss: 0.0590, train_acc:  98.11%, val_acc:  95.08%
2022-10-28 18:07:02 | Epoch:  38/60, loss: 0.0056, train_acc: 100.00%, val_acc:  92.77%
2022-10-28 18:07:07 | Epoch:  39/60, loss: 0.0100, train_acc: 100.00%, val_acc:  97.81%
2022-10-28 18:07:12 | Epoch:  40/60, loss: 0.0035, train_acc: 100.00%, val_acc:  99.33%
2022-10-28 18:07:17 | Epoch:  41/60, loss: 0.0037, train_acc: 100.00%, val_acc:  99.12%
2022-10-28 18:07:23 | Epoch:  42/60, loss: 0.0084, train_acc:  99.06%, val_acc:  99.19%
2022-10-28 18:07:28 | Epoch:  43/60, loss: 0.0056, train_acc: 100.00%, val_acc:  95.12%
2022-10-28 18:07:33 | Epoch:  44/60, loss: 0.0007, train_acc: 100.00%, val_acc:  94.17%
2022-10-28 18:07:38 | Epoch:  45/60, loss: 0.0003, train_acc: 100.00%, val_acc:  98.98%
2022-10-28 18:07:43 | Epoch:  46/60, loss: 0.0004, train_acc: 100.00%, val_acc:  99.79%
2022-10-28 18:07:49 | Epoch:  47/60, loss: 0.0010, train_acc: 100.00%, val_acc:  99.89%
2022-10-28 18:07:54 | Epoch:  48/60, loss: 0.0000, train_acc: 100.00%, val_acc:  99.96%
2022-10-28 18:07:59 | Epoch:  49/60, loss: 0.0002, train_acc: 100.00%, val_acc:  99.96%
2022-10-28 18:08:04 | Epoch:  50/60, loss: 0.0001, train_acc: 100.00%, val_acc:  99.98%
2022-10-28 18:08:10 | Epoch:  51/60, loss: 0.0006, train_acc: 100.00%, val_acc:  99.98%
2022-10-28 18:08:15 | Epoch:  52/60, loss: 0.0000, train_acc: 100.00%, val_acc:  99.98%
2022-10-28 18:08:20 | Epoch:  53/60, loss: 0.0001, train_acc: 100.00%, val_acc:  99.98%
2022-10-28 18:08:25 | Epoch:  54/60, loss: 0.0002, train_acc: 100.00%, val_acc:  99.98%
2022-10-28 18:08:30 | Epoch:  55/60, loss: 0.0001, train_acc: 100.00%, val_acc:  99.98%
2022-10-28 18:08:35 | Epoch:  56/60, loss: 0.0002, train_acc: 100.00%, val_acc:  99.96%
2022-10-28 18:08:41 | Epoch:  57/60, loss: 0.0005, train_acc: 100.00%, val_acc:  99.98%
2022-10-28 18:08:46 | Epoch:  58/60, loss: 0.0000, train_acc: 100.00%, val_acc:  99.98%
2022-10-28 18:08:51 | Epoch:  59/60, loss: 0.0001, train_acc: 100.00%, val_acc:  99.98%
2022-10-28 18:08:56 | Epoch:  60/60, loss: 0.0001, train_acc: 100.00%, val_acc:  99.98%
2022-10-28 18:08:56 | Best accuracy: 99.9824
2022-10-28 18:08:56 | ===============Done!===============
2022-10-28 18:08:57 | log_file: ./logs/classification.log
2022-10-28 18:08:57 | datadir: ../datasets
2022-10-28 18:08:57 | dataname: CWRU
2022-10-28 18:08:57 | load: 3
2022-10-28 18:08:57 | label_set: [0, 1, 2, 3, 4, 5, 6, 7, 8, 9]
2022-10-28 18:08:57 | val_rat: 0.3
2022-10-28 18:08:57 | test_rat: 0.5
2022-10-28 18:08:57 | seed: 29
2022-10-28 18:08:57 | fft: False
2022-10-28 18:08:57 | window: 128
2022-10-28 18:08:57 | normalization: 0-1
2022-10-28 18:08:57 | savemodel: True
2022-10-28 18:08:57 | pretrained: False
2022-10-28 18:08:57 | backbone: ResNet2D
2022-10-28 18:08:57 | num_workers: 0
2022-10-28 18:08:57 | batch_size: 256
2022-10-28 18:08:57 | max_epoch: 40
2022-10-28 18:08:57 | lr: 0.001
2022-10-28 18:08:57 | lr_scheduler: stepLR
2022-10-28 18:08:57 | gamma: 0.8
2022-10-28 18:08:57 | steps: 30, 120
2022-10-28 18:08:57 | optimizer: adam
2022-10-28 18:08:57 | using 1 gpus
2022-10-28 18:08:58 | training data/label shape: torch.Size([26474, 3, 32, 32]),torch.Size([26474])
2022-10-28 18:08:58 | validation data/label shape: torch.Size([5673, 3, 32, 32]),torch.Size([5673])
2022-10-28 18:08:58 | test data/label shape: torch.Size([5673, 3, 32, 32]),torch.Size([5673])
2022-10-28 18:09:03 | Epoch:   1/40, loss: 0.3403, train_acc:  94.34%, val_acc:  75.50%
2022-10-28 18:09:06 | Epoch:   2/40, loss: 0.1644, train_acc:  93.40%, val_acc:  75.90%
2022-10-28 18:09:09 | Epoch:   3/40, loss: 0.0685, train_acc:  97.17%, val_acc:  90.60%
2022-10-28 18:09:11 | Epoch:   4/40, loss: 0.0529, train_acc:  96.23%, val_acc:  57.55%
2022-10-28 18:09:13 | Epoch:   5/40, loss: 0.0510, train_acc:  98.11%, val_acc:  83.10%
2022-10-28 18:09:16 | Epoch:   6/40, loss: 0.0532, train_acc:  99.06%, val_acc:  57.01%
2022-10-28 18:09:18 | Epoch:   7/40, loss: 0.0160, train_acc: 100.00%, val_acc:  94.57%
2022-10-28 18:09:21 | Epoch:   8/40, loss: 0.0224, train_acc:  99.06%, val_acc:  88.65%
2022-10-28 18:09:23 | Epoch:   9/40, loss: 0.0580, train_acc:  98.11%, val_acc:  81.95%
2022-10-28 18:09:25 | Epoch:  10/40, loss: 0.1574, train_acc:  97.17%, val_acc:  58.19%
2022-10-28 18:09:28 | Epoch:  11/40, loss: 0.1704, train_acc:  97.17%, val_acc:  98.34%
2022-10-28 18:09:30 | Epoch:  12/40, loss: 0.7903, train_acc:  81.13%, val_acc:  56.43%
2022-10-28 18:09:33 | Epoch:  13/40, loss: 0.1382, train_acc:  95.28%, val_acc:  95.22%
2022-10-28 18:09:35 | Epoch:  14/40, loss: 0.1504, train_acc:  96.23%, val_acc:  97.13%
2022-10-28 18:09:37 | Epoch:  15/40, loss: 0.0229, train_acc: 100.00%, val_acc:  97.11%
2022-10-28 18:09:40 | Epoch:  16/40, loss: 0.0316, train_acc:  99.06%, val_acc:  97.13%
2022-10-28 18:09:42 | Epoch:  17/40, loss: 0.0573, train_acc:  98.11%, val_acc:  98.34%
2022-10-28 18:09:45 | Epoch:  18/40, loss: 0.0270, train_acc:  98.11%, val_acc:  98.64%
2022-10-28 18:09:47 | Epoch:  19/40, loss: 0.0972, train_acc:  98.11%, val_acc:  98.61%
2022-10-28 18:09:50 | Epoch:  20/40, loss: 0.0204, train_acc:  99.06%, val_acc:  98.64%
2022-10-28 18:09:52 | Epoch:  21/40, loss: 0.0251, train_acc:  99.06%, val_acc:  98.70%
2022-10-28 18:09:55 | Epoch:  22/40, loss: 0.0250, train_acc:  99.06%, val_acc:  98.25%
2022-10-28 18:09:57 | Epoch:  23/40, loss: 0.0049, train_acc: 100.00%, val_acc:  98.40%
2022-10-28 18:09:59 | Epoch:  24/40, loss: 0.0225, train_acc:  99.06%, val_acc:  98.63%
2022-10-28 18:10:02 | Epoch:  25/40, loss: 0.0765, train_acc:  98.11%, val_acc:  98.73%
2022-10-28 18:10:04 | Epoch:  26/40, loss: 0.0043, train_acc: 100.00%, val_acc:  98.73%
2022-10-28 18:10:07 | Epoch:  27/40, loss: 0.0264, train_acc:  99.06%, val_acc:  99.12%
2022-10-28 18:10:09 | Epoch:  28/40, loss: 0.0023, train_acc: 100.00%, val_acc:  98.27%
2022-10-28 18:10:12 | Epoch:  29/40, loss: 0.0121, train_acc:  99.06%, val_acc:  99.15%
2022-10-28 18:10:14 | Epoch:  30/40, loss: 0.0736, train_acc:  98.11%, val_acc:  98.59%
2022-10-28 18:10:17 | Epoch:  31/40, loss: 0.1260, train_acc:  97.17%, val_acc:  98.57%
2022-10-28 18:10:19 | Epoch:  32/40, loss: 0.0011, train_acc: 100.00%, val_acc:  95.77%
2022-10-28 18:10:22 | Epoch:  33/40, loss: 0.0973, train_acc:  98.11%, val_acc:  98.45%
2022-10-28 18:10:24 | Epoch:  34/40, loss: 0.0049, train_acc: 100.00%, val_acc:  98.94%
2022-10-28 18:10:26 | Epoch:  35/40, loss: 0.0008, train_acc: 100.00%, val_acc:  99.07%
2022-10-28 18:10:29 | Epoch:  36/40, loss: 0.0078, train_acc: 100.00%, val_acc:  97.74%
2022-10-28 18:10:31 | Epoch:  37/40, loss: 0.0000, train_acc: 100.00%, val_acc:  98.96%
2022-10-28 18:10:33 | Epoch:  38/40, loss: 0.0013, train_acc: 100.00%, val_acc:  99.01%
2022-10-28 18:10:36 | Epoch:  39/40, loss: 0.0006, train_acc: 100.00%, val_acc:  98.91%
2022-10-28 18:10:38 | Epoch:  40/40, loss: 0.0012, train_acc: 100.00%, val_acc:  98.84%
2022-10-28 18:10:38 | Best accuracy: 99.1539
2022-10-28 18:10:38 | ===============Done!===============
