2022-10-28 20:10:29 | log_file: ./logs/DANN.log
2022-10-28 20:10:29 | datadir: ../datasets
2022-10-28 20:10:29 | source_dataname: CWRU
2022-10-28 20:10:29 | target_dataname: CWRU
2022-10-28 20:10:29 | s_load: 3
2022-10-28 20:10:29 | t_load: 2
2022-10-28 20:10:29 | s_label_set: [0, 1, 2, 3, 4, 5, 6, 7, 8, 9]
2022-10-28 20:10:29 | t_label_set: [0, 1, 2, 3, 4, 5, 6, 7, 8, 9]
2022-10-28 20:10:29 | val_rat: 0.3
2022-10-28 20:10:29 | test_rat: 0.5
2022-10-28 20:10:29 | seed: 29
2022-10-28 20:10:29 | fft: False
2022-10-28 20:10:29 | window: 128
2022-10-28 20:10:29 | normalization: 0-1
2022-10-28 20:10:29 | savemodel: False
2022-10-28 20:10:29 | pretrained: False
2022-10-28 20:10:29 | backbone: MLPNet
2022-10-28 20:10:29 | num_workers: 0
2022-10-28 20:10:29 | batch_size: 256
2022-10-28 20:10:29 | max_epoch: 100
2022-10-28 20:10:29 | lr: 0.001
2022-10-28 20:10:29 | lr_scheduler: stepLR
2022-10-28 20:10:29 | gamma: 0.8
2022-10-28 20:10:29 | steps: 30, 120
2022-10-28 20:10:29 | optimizer: adam
2022-10-28 20:10:29 | using 1 gpus
2022-10-28 20:10:30 | training data/label shape: torch.Size([26474, 1024]),torch.Size([26474])
2022-10-28 20:10:30 | validation data/label shape: torch.Size([5673, 1024]),torch.Size([5673])
2022-10-28 20:10:30 | test data/label shape: torch.Size([5673, 1024]),torch.Size([5673])
2022-10-28 20:10:30 | training data/label shape: torch.Size([26474, 1024]),torch.Size([26474])
2022-10-28 20:10:30 | validation data/label shape: torch.Size([5673, 1024]),torch.Size([5673])
2022-10-28 20:10:30 | test data/label shape: torch.Size([5673, 1024]),torch.Size([5673])
2022-10-28 20:10:32 | Epoch:   1/100, loss_cls: 0.5312, loss: 1.2338, source_train_acc:  91.51%, target_train_acc:  63.21%, target_val_acc:  57.98%
2022-10-28 20:10:32 | Epoch:   2/100, loss_cls: 0.1560, loss: 0.8356, source_train_acc:  96.23%, target_train_acc:  73.58%, target_val_acc:  60.55%
2022-10-28 20:10:33 | Epoch:   3/100, loss_cls: 0.1663, loss: 0.8543, source_train_acc:  96.23%, target_train_acc:  69.81%, target_val_acc:  52.14%
2022-10-28 20:10:34 | Epoch:   4/100, loss_cls: 0.0883, loss: 0.7897, source_train_acc:  96.23%, target_train_acc:  77.36%, target_val_acc:  72.96%
2022-10-28 20:10:34 | Epoch:   5/100, loss_cls: 0.0853, loss: 0.7710, source_train_acc:  99.06%, target_train_acc:  76.42%, target_val_acc:  63.53%
2022-10-28 20:10:35 | Epoch:   6/100, loss_cls: 0.0979, loss: 0.7801, source_train_acc:  96.23%, target_train_acc:  79.25%, target_val_acc:  69.95%
2022-10-28 20:10:35 | Epoch:   7/100, loss_cls: 0.0476, loss: 0.7397, source_train_acc:  99.06%, target_train_acc:  75.47%, target_val_acc:  69.72%
2022-10-28 20:10:36 | Epoch:   8/100, loss_cls: 0.0583, loss: 0.7460, source_train_acc:  98.11%, target_train_acc:  78.30%, target_val_acc:  57.01%
2022-10-28 20:10:36 | Epoch:   9/100, loss_cls: 0.0764, loss: 0.7714, source_train_acc:  97.17%, target_train_acc:  80.19%, target_val_acc:  72.34%
2022-10-28 20:10:37 | Epoch:  10/100, loss_cls: 0.0118, loss: 0.7027, source_train_acc: 100.00%, target_train_acc:  74.53%, target_val_acc:  79.18%
2022-10-28 20:10:38 | Epoch:  11/100, loss_cls: 0.0704, loss: 0.7729, source_train_acc:  98.11%, target_train_acc:  84.91%, target_val_acc:  72.59%
2022-10-28 20:10:38 | Epoch:  12/100, loss_cls: 0.0158, loss: 0.7112, source_train_acc: 100.00%, target_train_acc:  79.25%, target_val_acc:  79.94%
2022-10-28 20:10:39 | Epoch:  13/100, loss_cls: 0.0079, loss: 0.7063, source_train_acc: 100.00%, target_train_acc:  82.08%, target_val_acc:  78.21%
2022-10-28 20:10:39 | Epoch:  14/100, loss_cls: 0.0130, loss: 0.6916, source_train_acc: 100.00%, target_train_acc:  76.42%, target_val_acc:  78.25%
2022-10-28 20:10:40 | Epoch:  15/100, loss_cls: 0.0256, loss: 0.7123, source_train_acc: 100.00%, target_train_acc:  82.08%, target_val_acc:  66.86%
2022-10-28 20:10:40 | Epoch:  16/100, loss_cls: 0.0135, loss: 0.7123, source_train_acc: 100.00%, target_train_acc:  81.13%, target_val_acc:  74.37%
2022-10-28 20:10:41 | Epoch:  17/100, loss_cls: 0.0142, loss: 0.7066, source_train_acc: 100.00%, target_train_acc:  78.30%, target_val_acc:  71.44%
2022-10-28 20:10:42 | Epoch:  18/100, loss_cls: 0.0420, loss: 0.7299, source_train_acc:  96.23%, target_train_acc:  78.30%, target_val_acc:  75.64%
2022-10-28 20:10:42 | Epoch:  19/100, loss_cls: 0.0453, loss: 0.7309, source_train_acc:  97.17%, target_train_acc:  81.13%, target_val_acc:  81.88%
2022-10-28 20:10:43 | Epoch:  20/100, loss_cls: 0.0107, loss: 0.7111, source_train_acc: 100.00%, target_train_acc:  82.08%, target_val_acc:  77.81%
2022-10-28 20:10:43 | Epoch:  21/100, loss_cls: 0.0081, loss: 0.7000, source_train_acc: 100.00%, target_train_acc:  76.42%, target_val_acc:  75.30%
2022-10-28 20:10:44 | Epoch:  22/100, loss_cls: 0.0100, loss: 0.6940, source_train_acc:  99.06%, target_train_acc:  83.02%, target_val_acc:  80.59%
2022-10-28 20:10:44 | Epoch:  23/100, loss_cls: 0.0169, loss: 0.7079, source_train_acc: 100.00%, target_train_acc:  75.47%, target_val_acc:  80.57%
2022-10-28 20:10:45 | Epoch:  24/100, loss_cls: 0.0103, loss: 0.7168, source_train_acc:  99.06%, target_train_acc:  83.96%, target_val_acc:  70.35%
2022-10-28 20:10:46 | Epoch:  25/100, loss_cls: 0.0170, loss: 0.7043, source_train_acc: 100.00%, target_train_acc:  77.36%, target_val_acc:  79.38%
2022-10-28 20:10:46 | Epoch:  26/100, loss_cls: 0.0020, loss: 0.6986, source_train_acc: 100.00%, target_train_acc:  83.02%, target_val_acc:  82.18%
2022-10-28 20:10:47 | Epoch:  27/100, loss_cls: 0.0097, loss: 0.7060, source_train_acc: 100.00%, target_train_acc:  85.85%, target_val_acc:  81.90%
2022-10-28 20:10:47 | Epoch:  28/100, loss_cls: 0.0042, loss: 0.6901, source_train_acc: 100.00%, target_train_acc:  77.36%, target_val_acc:  83.62%
2022-10-28 20:10:48 | Epoch:  29/100, loss_cls: 0.0021, loss: 0.6988, source_train_acc: 100.00%, target_train_acc:  90.57%, target_val_acc:  84.28%
2022-10-28 20:10:48 | Epoch:  30/100, loss_cls: 0.0071, loss: 0.6984, source_train_acc: 100.00%, target_train_acc:  82.08%, target_val_acc:  82.90%
2022-10-28 20:10:49 | Epoch:  31/100, loss_cls: 0.0029, loss: 0.6975, source_train_acc: 100.00%, target_train_acc:  89.62%, target_val_acc:  85.09%
2022-10-28 20:10:49 | Epoch:  32/100, loss_cls: 0.0018, loss: 0.6996, source_train_acc: 100.00%, target_train_acc:  88.68%, target_val_acc:  85.30%
2022-10-28 20:10:50 | Epoch:  33/100, loss_cls: 0.0115, loss: 0.7060, source_train_acc:  99.06%, target_train_acc:  89.62%, target_val_acc:  84.75%
2022-10-28 20:10:51 | Epoch:  34/100, loss_cls: 0.0003, loss: 0.6903, source_train_acc: 100.00%, target_train_acc:  84.91%, target_val_acc:  82.80%
2022-10-28 20:10:51 | Epoch:  35/100, loss_cls: 0.0009, loss: 0.6929, source_train_acc: 100.00%, target_train_acc:  89.62%, target_val_acc:  80.79%
2022-10-28 20:10:52 | Epoch:  36/100, loss_cls: 0.0031, loss: 0.6921, source_train_acc: 100.00%, target_train_acc:  83.02%, target_val_acc:  81.19%
2022-10-28 20:10:52 | Epoch:  37/100, loss_cls: 0.0019, loss: 0.6975, source_train_acc: 100.00%, target_train_acc:  80.19%, target_val_acc:  80.15%
2022-10-28 20:10:53 | Epoch:  38/100, loss_cls: 0.0311, loss: 0.7219, source_train_acc:  99.06%, target_train_acc:  84.91%, target_val_acc:  79.99%
2022-10-28 20:10:53 | Epoch:  39/100, loss_cls: 0.0016, loss: 0.6935, source_train_acc: 100.00%, target_train_acc:  88.68%, target_val_acc:  73.40%
2022-10-28 20:10:54 | Epoch:  40/100, loss_cls: 0.0192, loss: 0.7073, source_train_acc:  99.06%, target_train_acc:  77.36%, target_val_acc:  62.86%
2022-10-28 20:10:55 | Epoch:  41/100, loss_cls: 0.0005, loss: 0.6910, source_train_acc: 100.00%, target_train_acc:  82.08%, target_val_acc:  76.87%
2022-10-28 20:10:55 | Epoch:  42/100, loss_cls: 0.0030, loss: 0.6943, source_train_acc: 100.00%, target_train_acc:  86.79%, target_val_acc:  76.54%
2022-10-28 20:10:56 | Epoch:  43/100, loss_cls: 0.0005, loss: 0.6902, source_train_acc: 100.00%, target_train_acc:  81.13%, target_val_acc:  81.07%
2022-10-28 20:10:56 | Epoch:  44/100, loss_cls: 0.0016, loss: 0.6913, source_train_acc: 100.00%, target_train_acc:  83.96%, target_val_acc:  79.96%
2022-10-28 20:10:57 | Epoch:  45/100, loss_cls: 0.0238, loss: 0.7089, source_train_acc:  98.11%, target_train_acc:  83.96%, target_val_acc:  83.25%
2022-10-28 20:10:57 | Epoch:  46/100, loss_cls: 0.0025, loss: 0.7080, source_train_acc: 100.00%, target_train_acc:  88.68%, target_val_acc:  82.64%
2022-10-28 20:10:58 | Epoch:  47/100, loss_cls: 0.0044, loss: 0.6959, source_train_acc: 100.00%, target_train_acc:  81.13%, target_val_acc:  83.62%
2022-10-28 20:10:59 | Epoch:  48/100, loss_cls: 0.0036, loss: 0.6863, source_train_acc: 100.00%, target_train_acc:  90.57%, target_val_acc:  79.78%
2022-10-28 20:10:59 | Epoch:  49/100, loss_cls: 0.0062, loss: 0.6969, source_train_acc: 100.00%, target_train_acc:  84.91%, target_val_acc:  77.21%
2022-10-28 20:11:00 | Epoch:  50/100, loss_cls: 0.0308, loss: 0.7138, source_train_acc:  98.11%, target_train_acc:  85.85%, target_val_acc:  82.51%
2022-10-28 20:11:00 | Epoch:  51/100, loss_cls: 0.0035, loss: 0.6950, source_train_acc: 100.00%, target_train_acc:  76.42%, target_val_acc:  81.54%
2022-10-28 20:11:01 | Epoch:  52/100, loss_cls: 0.0061, loss: 0.6945, source_train_acc: 100.00%, target_train_acc:  83.02%, target_val_acc:  81.93%
2022-10-28 20:11:01 | Epoch:  53/100, loss_cls: 0.0102, loss: 0.7034, source_train_acc: 100.00%, target_train_acc:  90.57%, target_val_acc:  77.58%
2022-10-28 20:11:02 | Epoch:  54/100, loss_cls: 0.0004, loss: 0.6865, source_train_acc: 100.00%, target_train_acc:  80.19%, target_val_acc:  83.66%
2022-10-28 20:11:03 | Epoch:  55/100, loss_cls: 0.0013, loss: 0.6937, source_train_acc: 100.00%, target_train_acc:  84.91%, target_val_acc:  83.55%
2022-10-28 20:11:03 | Epoch:  56/100, loss_cls: 0.0023, loss: 0.6933, source_train_acc: 100.00%, target_train_acc:  83.96%, target_val_acc:  84.45%
2022-10-28 20:11:04 | Epoch:  57/100, loss_cls: 0.0003, loss: 0.6921, source_train_acc: 100.00%, target_train_acc:  83.96%, target_val_acc:  81.28%
2022-10-28 20:11:04 | Epoch:  58/100, loss_cls: 0.0011, loss: 0.6971, source_train_acc: 100.00%, target_train_acc:  82.08%, target_val_acc:  81.09%
2022-10-28 20:11:05 | Epoch:  59/100, loss_cls: 0.0026, loss: 0.6884, source_train_acc: 100.00%, target_train_acc:  86.79%, target_val_acc:  78.74%
2022-10-28 20:11:05 | Epoch:  60/100, loss_cls: 0.0016, loss: 0.6954, source_train_acc: 100.00%, target_train_acc:  86.79%, target_val_acc:  74.70%
2022-10-28 20:11:06 | Epoch:  61/100, loss_cls: 0.0014, loss: 0.6928, source_train_acc: 100.00%, target_train_acc:  87.74%, target_val_acc:  82.48%
2022-10-28 20:11:07 | Epoch:  62/100, loss_cls: 0.0328, loss: 0.7220, source_train_acc:  99.06%, target_train_acc:  83.96%, target_val_acc:  84.33%
2022-10-28 20:11:07 | Epoch:  63/100, loss_cls: 0.0010, loss: 0.6898, source_train_acc: 100.00%, target_train_acc:  82.08%, target_val_acc:  83.82%
2022-10-28 20:11:08 | Epoch:  64/100, loss_cls: 0.0006, loss: 0.6937, source_train_acc: 100.00%, target_train_acc:  86.79%, target_val_acc:  83.92%
2022-10-28 20:11:08 | Epoch:  65/100, loss_cls: 0.0055, loss: 0.7031, source_train_acc: 100.00%, target_train_acc:  82.08%, target_val_acc:  85.18%
2022-10-28 20:11:09 | Epoch:  66/100, loss_cls: 0.0010, loss: 0.6980, source_train_acc: 100.00%, target_train_acc:  83.02%, target_val_acc:  85.26%
2022-10-28 20:11:09 | Epoch:  67/100, loss_cls: 0.0010, loss: 0.6958, source_train_acc: 100.00%, target_train_acc:  81.13%, target_val_acc:  84.66%
2022-10-28 20:11:10 | Epoch:  68/100, loss_cls: 0.0004, loss: 0.6869, source_train_acc: 100.00%, target_train_acc:  80.19%, target_val_acc:  83.25%
2022-10-28 20:11:11 | Epoch:  69/100, loss_cls: 0.0010, loss: 0.6919, source_train_acc: 100.00%, target_train_acc:  81.13%, target_val_acc:  83.80%
2022-10-28 20:11:11 | Epoch:  70/100, loss_cls: 0.0010, loss: 0.6927, source_train_acc: 100.00%, target_train_acc:  82.08%, target_val_acc:  77.49%
2022-10-28 20:11:12 | Epoch:  71/100, loss_cls: 0.0005, loss: 0.6981, source_train_acc: 100.00%, target_train_acc:  90.57%, target_val_acc:  84.03%
2022-10-28 20:11:12 | Epoch:  72/100, loss_cls: 0.0014, loss: 0.6993, source_train_acc: 100.00%, target_train_acc:  84.91%, target_val_acc:  83.50%
2022-10-28 20:11:13 | Epoch:  73/100, loss_cls: 0.0010, loss: 0.6958, source_train_acc: 100.00%, target_train_acc:  87.74%, target_val_acc:  84.45%
2022-10-28 20:11:13 | Epoch:  74/100, loss_cls: 0.0018, loss: 0.6924, source_train_acc: 100.00%, target_train_acc:  85.85%, target_val_acc:  84.14%
2022-10-28 20:11:14 | Epoch:  75/100, loss_cls: 0.0005, loss: 0.6938, source_train_acc: 100.00%, target_train_acc:  84.91%, target_val_acc:  84.31%
2022-10-28 20:11:15 | Epoch:  76/100, loss_cls: 0.0032, loss: 0.6974, source_train_acc: 100.00%, target_train_acc:  90.57%, target_val_acc:  80.80%
2022-10-28 20:11:15 | Epoch:  77/100, loss_cls: 0.0091, loss: 0.7033, source_train_acc: 100.00%, target_train_acc:  85.85%, target_val_acc:  83.24%
2022-10-28 20:11:16 | Epoch:  78/100, loss_cls: 0.0003, loss: 0.6949, source_train_acc: 100.00%, target_train_acc:  81.13%, target_val_acc:  82.11%
2022-10-28 20:11:16 | Epoch:  79/100, loss_cls: 0.0002, loss: 0.6931, source_train_acc: 100.00%, target_train_acc:  86.79%, target_val_acc:  82.30%
2022-10-28 20:11:17 | Epoch:  80/100, loss_cls: 0.0036, loss: 0.7094, source_train_acc: 100.00%, target_train_acc:  83.96%, target_val_acc:  84.28%
2022-10-28 20:11:18 | Epoch:  81/100, loss_cls: 0.0005, loss: 0.6931, source_train_acc: 100.00%, target_train_acc:  79.25%, target_val_acc:  84.89%
2022-10-28 20:11:18 | Epoch:  82/100, loss_cls: 0.0004, loss: 0.6935, source_train_acc: 100.00%, target_train_acc:  81.13%, target_val_acc:  85.09%
2022-10-28 20:11:19 | Epoch:  83/100, loss_cls: 0.0011, loss: 0.6941, source_train_acc: 100.00%, target_train_acc:  82.08%, target_val_acc:  84.89%
2022-10-28 20:11:19 | Epoch:  84/100, loss_cls: 0.0007, loss: 0.6925, source_train_acc: 100.00%, target_train_acc:  78.30%, target_val_acc:  83.47%
2022-10-28 20:11:20 | Epoch:  85/100, loss_cls: 0.0012, loss: 0.6955, source_train_acc: 100.00%, target_train_acc:  77.36%, target_val_acc:  84.10%
2022-10-28 20:11:20 | Epoch:  86/100, loss_cls: 0.0040, loss: 0.6966, source_train_acc: 100.00%, target_train_acc:  86.79%, target_val_acc:  84.98%
2022-10-28 20:11:21 | Epoch:  87/100, loss_cls: 0.0007, loss: 0.6922, source_train_acc: 100.00%, target_train_acc:  90.57%, target_val_acc:  85.67%
2022-10-28 20:11:22 | Epoch:  88/100, loss_cls: 0.0012, loss: 0.6932, source_train_acc: 100.00%, target_train_acc:  89.62%, target_val_acc:  83.25%
2022-10-28 20:11:22 | Epoch:  89/100, loss_cls: 0.0241, loss: 0.7178, source_train_acc:  99.06%, target_train_acc:  87.74%, target_val_acc:  83.87%
2022-10-28 20:11:23 | Epoch:  90/100, loss_cls: 0.0010, loss: 0.6901, source_train_acc: 100.00%, target_train_acc:  78.30%, target_val_acc:  82.76%
2022-10-28 20:11:23 | Epoch:  91/100, loss_cls: 0.0054, loss: 0.6966, source_train_acc: 100.00%, target_train_acc:  81.13%, target_val_acc:  83.02%
2022-10-28 20:11:24 | Epoch:  92/100, loss_cls: 0.0008, loss: 0.6876, source_train_acc: 100.00%, target_train_acc:  89.62%, target_val_acc:  83.98%
2022-10-28 20:11:24 | Epoch:  93/100, loss_cls: 0.0013, loss: 0.7000, source_train_acc: 100.00%, target_train_acc:  85.85%, target_val_acc:  85.07%
2022-10-28 20:11:25 | Epoch:  94/100, loss_cls: 0.0003, loss: 0.6933, source_train_acc: 100.00%, target_train_acc:  88.68%, target_val_acc:  84.68%
2022-10-28 20:11:26 | Epoch:  95/100, loss_cls: 0.0007, loss: 0.6938, source_train_acc: 100.00%, target_train_acc:  83.02%, target_val_acc:  85.07%
2022-10-28 20:11:26 | Epoch:  96/100, loss_cls: 0.0229, loss: 0.7159, source_train_acc:  99.06%, target_train_acc:  78.30%, target_val_acc:  84.59%
2022-10-28 20:11:27 | Epoch:  97/100, loss_cls: 0.0028, loss: 0.6967, source_train_acc: 100.00%, target_train_acc:  84.91%, target_val_acc:  84.58%
2022-10-28 20:11:27 | Epoch:  98/100, loss_cls: 0.0006, loss: 0.6913, source_train_acc: 100.00%, target_train_acc:  89.62%, target_val_acc:  85.03%
2022-10-28 20:11:28 | Epoch:  99/100, loss_cls: 0.0002, loss: 0.6916, source_train_acc: 100.00%, target_train_acc:  79.25%, target_val_acc:  84.72%
2022-10-28 20:11:29 | Epoch: 100/100, loss_cls: 0.0040, loss: 0.6980, source_train_acc: 100.00%, target_train_acc:  83.02%, target_val_acc:  84.88%
2022-10-28 20:11:29 | Best accuracy: 85.6690
2022-10-28 20:11:29 | ===============Done!===============
