2022-10-28 18:52:37 | log_file: ./logs/DDC.log
2022-10-28 18:52:37 | datadir: ../datasets
2022-10-28 18:52:37 | source_dataname: PU
2022-10-28 18:52:37 | target_dataname: PU
2022-10-28 18:52:37 | s_load: 3
2022-10-28 18:52:37 | t_load: 2
2022-10-28 18:52:37 | s_label_set: [0, 1, 2, 3, 4, 5, 6, 7, 8, 9, 10, 11, 12]
2022-10-28 18:52:37 | t_label_set: [0, 1, 2, 3, 4, 5, 6, 7, 8, 9, 10, 11, 12]
2022-10-28 18:52:37 | val_rat: 0.3
2022-10-28 18:52:37 | test_rat: 0.5
2022-10-28 18:52:37 | seed: 29
2022-10-28 18:52:37 | fft: False
2022-10-28 18:52:37 | window: 128
2022-10-28 18:52:37 | normalization: 0-1
2022-10-28 18:52:37 | savemodel: False
2022-10-28 18:52:37 | pretrained: False
2022-10-28 18:52:37 | backbone: MLPNet
2022-10-28 18:52:37 | num_workers: 0
2022-10-28 18:52:37 | batch_size: 256
2022-10-28 18:52:37 | max_epoch: 100
2022-10-28 18:52:37 | lr: 0.001
2022-10-28 18:52:37 | lr_scheduler: stepLR
2022-10-28 18:52:37 | gamma: 0.8
2022-10-28 18:52:37 | steps: 30, 120
2022-10-28 18:52:37 | optimizer: adam
2022-10-28 18:52:37 | using 1 gpus
2022-10-28 18:53:23 | log_file: ./logs/DDC.log
2022-10-28 18:53:23 | datadir: ../datasets
2022-10-28 18:53:23 | source_dataname: CWRU
2022-10-28 18:53:23 | target_dataname: CWRU
2022-10-28 18:53:23 | s_load: 3
2022-10-28 18:53:23 | t_load: 2
2022-10-28 18:53:23 | s_label_set: [0, 1, 2, 3, 4, 5, 6, 7, 8, 9]
2022-10-28 18:53:23 | t_label_set: [0, 1, 2, 3, 4, 5, 6, 7, 8, 9]
2022-10-28 18:53:23 | val_rat: 0.3
2022-10-28 18:53:23 | test_rat: 0.5
2022-10-28 18:53:23 | seed: 29
2022-10-28 18:53:23 | fft: False
2022-10-28 18:53:23 | window: 128
2022-10-28 18:53:23 | normalization: 0-1
2022-10-28 18:53:23 | savemodel: False
2022-10-28 18:53:23 | pretrained: False
2022-10-28 18:53:23 | backbone: MLPNet
2022-10-28 18:53:23 | num_workers: 0
2022-10-28 18:53:23 | batch_size: 256
2022-10-28 18:53:23 | max_epoch: 100
2022-10-28 18:53:23 | lr: 0.001
2022-10-28 18:53:23 | lr_scheduler: stepLR
2022-10-28 18:53:23 | gamma: 0.8
2022-10-28 18:53:23 | steps: 30, 120
2022-10-28 18:53:23 | optimizer: adam
2022-10-28 18:53:23 | using 1 gpus
2022-10-28 18:53:25 | training data/label shape: torch.Size([26474, 1024]),torch.Size([26474])
2022-10-28 18:53:25 | validation data/label shape: torch.Size([5673, 1024]),torch.Size([5673])
2022-10-28 18:53:25 | test data/label shape: torch.Size([5673, 1024]),torch.Size([5673])
2022-10-28 18:53:25 | training data/label shape: torch.Size([26474, 1024]),torch.Size([26474])
2022-10-28 18:53:25 | validation data/label shape: torch.Size([5673, 1024]),torch.Size([5673])
2022-10-28 18:53:25 | test data/label shape: torch.Size([5673, 1024]),torch.Size([5673])
2022-10-28 18:54:09 | log_file: ./logs/DDC.log
2022-10-28 18:54:09 | datadir: ../datasets
2022-10-28 18:54:09 | source_dataname: CWRU
2022-10-28 18:54:09 | target_dataname: CWRU
2022-10-28 18:54:09 | s_load: 3
2022-10-28 18:54:09 | t_load: 2
2022-10-28 18:54:09 | s_label_set: [0, 1, 2, 3, 4, 5, 6, 7, 8, 9]
2022-10-28 18:54:09 | t_label_set: [0, 1, 2, 3, 4, 5, 6, 7, 8, 9]
2022-10-28 18:54:09 | val_rat: 0.3
2022-10-28 18:54:09 | test_rat: 0.5
2022-10-28 18:54:09 | seed: 29
2022-10-28 18:54:09 | fft: False
2022-10-28 18:54:09 | window: 128
2022-10-28 18:54:09 | normalization: 0-1
2022-10-28 18:54:09 | savemodel: False
2022-10-28 18:54:09 | pretrained: False
2022-10-28 18:54:09 | backbone: MLPNet
2022-10-28 18:54:09 | num_workers: 0
2022-10-28 18:54:09 | batch_size: 256
2022-10-28 18:54:09 | max_epoch: 100
2022-10-28 18:54:09 | lr: 0.001
2022-10-28 18:54:09 | lr_scheduler: stepLR
2022-10-28 18:54:09 | gamma: 0.8
2022-10-28 18:54:09 | steps: 30, 120
2022-10-28 18:54:09 | optimizer: adam
2022-10-28 18:54:09 | using 1 gpus
2022-10-28 18:54:10 | training data/label shape: torch.Size([26474, 1024]),torch.Size([26474])
2022-10-28 18:54:10 | validation data/label shape: torch.Size([5673, 1024]),torch.Size([5673])
2022-10-28 18:54:10 | test data/label shape: torch.Size([5673, 1024]),torch.Size([5673])
2022-10-28 18:54:10 | training data/label shape: torch.Size([26474, 1024]),torch.Size([26474])
2022-10-28 18:54:10 | validation data/label shape: torch.Size([5673, 1024]),torch.Size([5673])
2022-10-28 18:54:10 | test data/label shape: torch.Size([5673, 1024]),torch.Size([5673])
2022-10-28 18:54:11 | Epoch:   1/100, loss_cls: 0.7254, loss: 1.1183, source_train_acc:  80.19%, target_train_acc:  53.77%, target_val_acc:  37.04%
2022-10-28 18:54:12 | Epoch:   2/100, loss_cls: 0.5381, loss: 0.7905, source_train_acc:  83.96%, target_train_acc:  63.21%, target_val_acc:  33.25%
2022-10-28 18:54:13 | Epoch:   3/100, loss_cls: 0.4793, loss: 1.2410, source_train_acc:  85.85%, target_train_acc:  64.15%, target_val_acc:  47.05%
2022-10-28 18:54:13 | Epoch:   4/100, loss_cls: 0.2837, loss: 0.5835, source_train_acc:  93.40%, target_train_acc:  64.15%, target_val_acc:  60.90%
2022-10-28 18:54:13 | Epoch:   5/100, loss_cls: 0.2616, loss: 0.4177, source_train_acc:  96.23%, target_train_acc:  64.15%, target_val_acc:  58.88%
2022-10-28 18:54:14 | Epoch:   6/100, loss_cls: 0.1596, loss: 0.6129, source_train_acc:  98.11%, target_train_acc:  71.70%, target_val_acc:  64.48%
2022-10-28 18:54:15 | Epoch:   7/100, loss_cls: 0.2056, loss: 0.4613, source_train_acc:  96.23%, target_train_acc:  74.53%, target_val_acc:  51.14%
2022-10-28 18:54:15 | Epoch:   8/100, loss_cls: 0.1548, loss: 0.3521, source_train_acc:  99.06%, target_train_acc:  68.87%, target_val_acc:  66.97%
2022-10-28 18:54:15 | Epoch:   9/100, loss_cls: 0.1602, loss: 0.4229, source_train_acc:  97.17%, target_train_acc:  74.53%, target_val_acc:  52.97%
2022-10-28 18:54:16 | Epoch:  10/100, loss_cls: 0.1800, loss: 0.5784, source_train_acc:  96.23%, target_train_acc:  64.15%, target_val_acc:  51.95%
2022-10-28 18:54:16 | Epoch:  11/100, loss_cls: 0.1329, loss: 0.7096, source_train_acc: 100.00%, target_train_acc:  75.47%, target_val_acc:  61.91%
2022-10-28 18:54:17 | Epoch:  12/100, loss_cls: 0.1098, loss: 0.2611, source_train_acc: 100.00%, target_train_acc:  66.98%, target_val_acc:  65.70%
2022-10-28 18:54:18 | Epoch:  13/100, loss_cls: 0.1328, loss: 0.3622, source_train_acc:  98.11%, target_train_acc:  70.75%, target_val_acc:  61.20%
2022-10-28 18:54:18 | Epoch:  14/100, loss_cls: 0.1281, loss: 0.7216, source_train_acc:  99.06%, target_train_acc:  73.58%, target_val_acc:  68.08%
2022-10-28 18:54:18 | Epoch:  15/100, loss_cls: 0.1586, loss: 0.4295, source_train_acc:  96.23%, target_train_acc:  71.70%, target_val_acc:  62.05%
2022-10-28 18:54:19 | Epoch:  16/100, loss_cls: 0.1481, loss: 0.4272, source_train_acc:  98.11%, target_train_acc:  70.75%, target_val_acc:  70.33%
2022-10-28 18:54:19 | Epoch:  17/100, loss_cls: 0.0679, loss: 0.3014, source_train_acc: 100.00%, target_train_acc:  68.87%, target_val_acc:  71.25%
2022-10-28 18:54:20 | Epoch:  18/100, loss_cls: 0.1028, loss: 0.3849, source_train_acc:  99.06%, target_train_acc:  68.87%, target_val_acc:  68.43%
2022-10-28 18:54:20 | Epoch:  19/100, loss_cls: 0.1720, loss: 0.5427, source_train_acc:  95.28%, target_train_acc:  62.26%, target_val_acc:  67.67%
2022-10-28 18:54:21 | Epoch:  20/100, loss_cls: 0.1067, loss: 0.3485, source_train_acc:  98.11%, target_train_acc:  71.70%, target_val_acc:  72.17%
2022-10-28 18:54:21 | Epoch:  21/100, loss_cls: 0.1053, loss: 0.5220, source_train_acc:  99.06%, target_train_acc:  63.21%, target_val_acc:  65.61%
2022-10-28 18:54:22 | Epoch:  22/100, loss_cls: 0.1442, loss: 0.6564, source_train_acc:  98.11%, target_train_acc:  70.75%, target_val_acc:  64.85%
2022-10-28 18:54:23 | Epoch:  23/100, loss_cls: 0.0956, loss: 0.4126, source_train_acc: 100.00%, target_train_acc:  68.87%, target_val_acc:  67.20%
2022-10-28 18:54:23 | Epoch:  24/100, loss_cls: 0.1034, loss: 0.2045, source_train_acc: 100.00%, target_train_acc:  62.26%, target_val_acc:  62.68%
2022-10-28 18:54:24 | Epoch:  25/100, loss_cls: 0.0907, loss: 0.2739, source_train_acc: 100.00%, target_train_acc:  70.75%, target_val_acc:  69.65%
2022-10-28 18:54:24 | Epoch:  26/100, loss_cls: 0.0979, loss: 0.4092, source_train_acc:  99.06%, target_train_acc:  70.75%, target_val_acc:  67.23%
2022-10-28 18:54:25 | Epoch:  27/100, loss_cls: 0.0688, loss: 0.2753, source_train_acc: 100.00%, target_train_acc:  62.26%, target_val_acc:  63.65%
2022-10-28 18:54:25 | Epoch:  28/100, loss_cls: 0.0730, loss: 0.5928, source_train_acc: 100.00%, target_train_acc:  66.04%, target_val_acc:  68.55%
2022-10-28 18:54:26 | Epoch:  29/100, loss_cls: 0.0913, loss: 0.3599, source_train_acc: 100.00%, target_train_acc:  66.98%, target_val_acc:  51.52%
2022-10-28 18:54:26 | Epoch:  30/100, loss_cls: 0.0502, loss: 0.3325, source_train_acc: 100.00%, target_train_acc:  66.98%, target_val_acc:  56.05%
2022-10-28 18:54:27 | Epoch:  31/100, loss_cls: 0.0577, loss: 0.2499, source_train_acc: 100.00%, target_train_acc:  66.04%, target_val_acc:  66.65%
2022-10-28 18:54:28 | Epoch:  32/100, loss_cls: 0.0761, loss: 0.3096, source_train_acc: 100.00%, target_train_acc:  64.15%, target_val_acc:  63.14%
2022-10-28 18:54:28 | Epoch:  33/100, loss_cls: 0.0759, loss: 0.2809, source_train_acc: 100.00%, target_train_acc:  69.81%, target_val_acc:  68.16%
2022-10-28 18:54:29 | Epoch:  34/100, loss_cls: 0.0665, loss: 0.3346, source_train_acc: 100.00%, target_train_acc:  57.55%, target_val_acc:  65.01%
2022-10-28 18:54:29 | Epoch:  35/100, loss_cls: 0.0850, loss: 0.2228, source_train_acc:  99.06%, target_train_acc:  56.60%, target_val_acc:  64.64%
2022-10-28 18:54:30 | Epoch:  36/100, loss_cls: 0.0772, loss: 0.1512, source_train_acc:  99.06%, target_train_acc:  66.04%, target_val_acc:  63.44%
2022-10-28 18:54:30 | Epoch:  37/100, loss_cls: 0.0525, loss: 0.2284, source_train_acc: 100.00%, target_train_acc:  58.49%, target_val_acc:  59.46%
2022-10-28 18:54:31 | Epoch:  38/100, loss_cls: 0.0832, loss: 0.3340, source_train_acc:  99.06%, target_train_acc:  62.26%, target_val_acc:  60.46%
2022-10-28 18:54:31 | Epoch:  39/100, loss_cls: 0.0682, loss: 0.2271, source_train_acc: 100.00%, target_train_acc:  64.15%, target_val_acc:  58.19%
2022-10-28 18:54:32 | Epoch:  40/100, loss_cls: 0.0935, loss: 0.2621, source_train_acc:  98.11%, target_train_acc:  65.09%, target_val_acc:  57.47%
2022-10-28 18:54:32 | Epoch:  41/100, loss_cls: 0.0664, loss: 0.4709, source_train_acc: 100.00%, target_train_acc:  60.38%, target_val_acc:  61.18%
2022-10-28 18:54:33 | Epoch:  42/100, loss_cls: 0.0516, loss: 0.2806, source_train_acc: 100.00%, target_train_acc:  52.83%, target_val_acc:  56.30%
2022-10-28 18:54:33 | Epoch:  43/100, loss_cls: 0.0484, loss: 0.3754, source_train_acc: 100.00%, target_train_acc:  63.21%, target_val_acc:  57.94%
2022-10-28 18:54:34 | Epoch:  44/100, loss_cls: 0.0510, loss: 0.1487, source_train_acc:  99.06%, target_train_acc:  49.06%, target_val_acc:  49.99%
2022-10-28 18:54:34 | Epoch:  45/100, loss_cls: 0.0509, loss: 0.2058, source_train_acc: 100.00%, target_train_acc:  41.51%, target_val_acc:  48.03%
2022-10-28 18:54:35 | Epoch:  46/100, loss_cls: 0.0507, loss: 0.2736, source_train_acc: 100.00%, target_train_acc:  44.34%, target_val_acc:  40.56%
2022-10-28 18:54:35 | Epoch:  47/100, loss_cls: 0.0743, loss: 0.1133, source_train_acc:  99.06%, target_train_acc:  52.83%, target_val_acc:  48.42%
2022-10-28 18:54:36 | Epoch:  48/100, loss_cls: 0.0973, loss: 0.1717, source_train_acc:  99.06%, target_train_acc:  52.83%, target_val_acc:  45.07%
2022-10-28 18:54:36 | Epoch:  49/100, loss_cls: 0.0423, loss: 0.1929, source_train_acc: 100.00%, target_train_acc:  60.38%, target_val_acc:  45.99%
2022-10-28 18:54:37 | Epoch:  50/100, loss_cls: 0.0684, loss: 0.2339, source_train_acc: 100.00%, target_train_acc:  49.06%, target_val_acc:  42.80%
2022-10-28 18:54:37 | Epoch:  51/100, loss_cls: 0.0560, loss: 0.1818, source_train_acc: 100.00%, target_train_acc:  50.00%, target_val_acc:  44.16%
2022-10-28 18:54:38 | Epoch:  52/100, loss_cls: 0.0449, loss: 0.0866, source_train_acc: 100.00%, target_train_acc:  40.57%, target_val_acc:  43.82%
2022-10-28 18:54:39 | Epoch:  53/100, loss_cls: 0.0552, loss: 0.1970, source_train_acc: 100.00%, target_train_acc:  39.62%, target_val_acc:  43.72%
2022-10-28 18:54:39 | Epoch:  54/100, loss_cls: 0.0417, loss: 0.2047, source_train_acc: 100.00%, target_train_acc:  43.40%, target_val_acc:  39.96%
2022-10-28 18:54:40 | Epoch:  55/100, loss_cls: 0.0359, loss: 0.2160, source_train_acc: 100.00%, target_train_acc:  41.51%, target_val_acc:  40.68%
2022-10-28 18:54:40 | Epoch:  56/100, loss_cls: 0.0335, loss: 0.1177, source_train_acc: 100.00%, target_train_acc:  39.62%, target_val_acc:  40.67%
2022-10-28 18:54:41 | Epoch:  57/100, loss_cls: 0.0288, loss: 0.0836, source_train_acc: 100.00%, target_train_acc:  43.40%, target_val_acc:  45.43%
2022-10-28 18:54:41 | Epoch:  58/100, loss_cls: 0.0457, loss: 0.2957, source_train_acc: 100.00%, target_train_acc:  37.74%, target_val_acc:  42.02%
2022-10-28 18:54:42 | Epoch:  59/100, loss_cls: 0.0579, loss: 0.1065, source_train_acc: 100.00%, target_train_acc:  47.17%, target_val_acc:  39.80%
2022-10-28 18:54:42 | Epoch:  60/100, loss_cls: 0.0343, loss: 0.2568, source_train_acc: 100.00%, target_train_acc:  40.57%, target_val_acc:  44.19%
2022-10-28 18:54:43 | Epoch:  61/100, loss_cls: 0.0558, loss: 0.2039, source_train_acc: 100.00%, target_train_acc:  44.34%, target_val_acc:  42.82%
2022-10-28 18:54:43 | Epoch:  62/100, loss_cls: 0.0354, loss: 0.1105, source_train_acc: 100.00%, target_train_acc:  32.08%, target_val_acc:  34.96%
2022-10-28 18:54:44 | Epoch:  63/100, loss_cls: 0.0306, loss: 0.1128, source_train_acc: 100.00%, target_train_acc:  31.13%, target_val_acc:  37.25%
2022-10-28 18:54:44 | Epoch:  64/100, loss_cls: 0.0286, loss: 0.2224, source_train_acc: 100.00%, target_train_acc:  22.64%, target_val_acc:  33.69%
2022-10-28 18:54:45 | Epoch:  65/100, loss_cls: 0.0397, loss: 0.4921, source_train_acc: 100.00%, target_train_acc:  36.79%, target_val_acc:  31.91%
2022-10-28 18:54:45 | Epoch:  66/100, loss_cls: 0.0341, loss: 0.1819, source_train_acc: 100.00%, target_train_acc:  32.08%, target_val_acc:  35.77%
2022-10-28 18:54:46 | Epoch:  67/100, loss_cls: 0.0515, loss: 0.1106, source_train_acc: 100.00%, target_train_acc:  31.13%, target_val_acc:  26.58%
2022-10-28 18:54:46 | Epoch:  68/100, loss_cls: 0.0345, loss: 0.1563, source_train_acc: 100.00%, target_train_acc:  30.19%, target_val_acc:  30.71%
2022-10-28 18:54:47 | Epoch:  69/100, loss_cls: 0.0300, loss: 0.1042, source_train_acc: 100.00%, target_train_acc:  27.36%, target_val_acc:  30.85%
2022-10-28 18:54:47 | Epoch:  70/100, loss_cls: 0.0428, loss: 0.1482, source_train_acc: 100.00%, target_train_acc:  39.62%, target_val_acc:  34.25%
2022-10-28 18:54:48 | Epoch:  71/100, loss_cls: 0.0272, loss: 0.0706, source_train_acc: 100.00%, target_train_acc:  27.36%, target_val_acc:  42.43%
2022-10-28 18:54:48 | Epoch:  72/100, loss_cls: 0.0287, loss: 0.1865, source_train_acc: 100.00%, target_train_acc:  30.19%, target_val_acc:  35.59%
2022-10-28 18:54:49 | Epoch:  73/100, loss_cls: 0.0412, loss: 0.1678, source_train_acc: 100.00%, target_train_acc:  23.58%, target_val_acc:  32.01%
2022-10-28 18:54:49 | Epoch:  74/100, loss_cls: 0.0299, loss: 0.1673, source_train_acc: 100.00%, target_train_acc:  26.42%, target_val_acc:  25.30%
2022-10-28 18:54:50 | Epoch:  75/100, loss_cls: 0.0238, loss: 0.1027, source_train_acc: 100.00%, target_train_acc:  25.47%, target_val_acc:  37.04%
2022-10-28 18:54:50 | Epoch:  76/100, loss_cls: 0.0183, loss: 0.0550, source_train_acc: 100.00%, target_train_acc:  28.30%, target_val_acc:  28.34%
2022-10-28 18:54:51 | Epoch:  77/100, loss_cls: 0.0226, loss: 0.1497, source_train_acc: 100.00%, target_train_acc:  33.02%, target_val_acc:  29.09%
2022-10-28 18:54:51 | Epoch:  78/100, loss_cls: 0.0275, loss: 0.1017, source_train_acc: 100.00%, target_train_acc:  29.25%, target_val_acc:  27.32%
2022-10-28 18:54:52 | Epoch:  79/100, loss_cls: 0.0202, loss: 0.1571, source_train_acc: 100.00%, target_train_acc:  37.74%, target_val_acc:  29.44%
2022-10-28 18:54:52 | Epoch:  80/100, loss_cls: 0.0390, loss: 0.1157, source_train_acc: 100.00%, target_train_acc:  34.91%, target_val_acc:  29.12%
2022-10-28 18:54:53 | Epoch:  81/100, loss_cls: 0.0317, loss: 0.0828, source_train_acc: 100.00%, target_train_acc:  24.53%, target_val_acc:  28.49%
2022-10-28 18:54:53 | Epoch:  82/100, loss_cls: 0.0241, loss: 0.1319, source_train_acc: 100.00%, target_train_acc:  30.19%, target_val_acc:  21.73%
2022-10-28 18:54:54 | Epoch:  83/100, loss_cls: 0.0227, loss: 0.2022, source_train_acc: 100.00%, target_train_acc:  19.81%, target_val_acc:  24.71%
2022-10-28 18:54:54 | Epoch:  84/100, loss_cls: 0.0237, loss: 0.0687, source_train_acc: 100.00%, target_train_acc:  24.53%, target_val_acc:  27.50%
2022-10-28 18:54:55 | Epoch:  85/100, loss_cls: 0.0176, loss: 0.0530, source_train_acc: 100.00%, target_train_acc:  26.42%, target_val_acc:  27.46%
2022-10-28 18:54:55 | Epoch:  86/100, loss_cls: 0.0297, loss: 0.1032, source_train_acc: 100.00%, target_train_acc:  30.19%, target_val_acc:  33.56%
2022-10-28 18:54:56 | Epoch:  87/100, loss_cls: 0.0157, loss: 0.0501, source_train_acc: 100.00%, target_train_acc:  22.64%, target_val_acc:  21.84%
2022-10-28 18:54:56 | Epoch:  88/100, loss_cls: 0.0277, loss: 0.0940, source_train_acc: 100.00%, target_train_acc:  23.58%, target_val_acc:  29.24%
2022-10-28 18:54:57 | Epoch:  89/100, loss_cls: 0.0376, loss: 0.1085, source_train_acc: 100.00%, target_train_acc:  31.13%, target_val_acc:  31.20%
2022-10-28 18:54:57 | Epoch:  90/100, loss_cls: 0.0269, loss: 0.0941, source_train_acc: 100.00%, target_train_acc:  28.30%, target_val_acc:  39.27%
2022-10-28 18:54:58 | Epoch:  91/100, loss_cls: 0.0196, loss: 0.0503, source_train_acc: 100.00%, target_train_acc:  21.70%, target_val_acc:  30.55%
2022-10-28 18:54:58 | Epoch:  92/100, loss_cls: 0.0207, loss: 0.1702, source_train_acc: 100.00%, target_train_acc:  29.25%, target_val_acc:  23.78%
2022-10-28 18:54:59 | Epoch:  93/100, loss_cls: 0.0241, loss: 0.1149, source_train_acc: 100.00%, target_train_acc:  16.04%, target_val_acc:  39.29%
2022-10-28 18:54:59 | Epoch:  94/100, loss_cls: 0.0226, loss: 0.0976, source_train_acc: 100.00%, target_train_acc:  18.87%, target_val_acc:  24.08%
2022-10-28 18:55:00 | Epoch:  95/100, loss_cls: 0.0159, loss: 0.0548, source_train_acc: 100.00%, target_train_acc:  16.98%, target_val_acc:  24.73%
2022-10-28 18:55:00 | Epoch:  96/100, loss_cls: 0.0244, loss: 0.0799, source_train_acc: 100.00%, target_train_acc:  20.75%, target_val_acc:  21.21%
2022-10-28 18:55:01 | Epoch:  97/100, loss_cls: 0.0174, loss: 0.0479, source_train_acc: 100.00%, target_train_acc:  18.87%, target_val_acc:  29.58%
2022-10-28 18:55:01 | Epoch:  98/100, loss_cls: 0.0183, loss: 0.0491, source_train_acc: 100.00%, target_train_acc:  18.87%, target_val_acc:  25.03%
2022-10-28 18:55:02 | Epoch:  99/100, loss_cls: 0.0192, loss: 0.0419, source_train_acc: 100.00%, target_train_acc:  29.25%, target_val_acc:  23.71%
2022-10-28 18:55:02 | Epoch: 100/100, loss_cls: 0.0204, loss: 0.0678, source_train_acc: 100.00%, target_train_acc:  24.53%, target_val_acc:  23.41%
2022-10-28 18:55:02 | Best accuracy: 72.1664
2022-10-28 18:55:02 | ===============Done!===============
